#
# There is insufficient memory for the Java Runtime Environment to continue.
# Native memory allocation (mmap) failed to map 268435456 bytes for G1 virtual space
# Possible reasons:
#   The system is out of physical RAM or swap space
#   The process is running with CompressedOops enabled, and the Java Heap may be blocking the growth of the native heap
# Possible solutions:
#   Reduce memory load on the system
#   Increase physical memory or swap space
#   Check if swap backing store is full
#   Decrease Java heap size (-Xmx/-Xms)
#   Decrease number of Java threads
#   Decrease Java thread stack sizes (-Xss)
#   Set larger code cache with -XX:ReservedCodeCacheSize=
#   JVM is running with Zero Based Compressed Oops mode in which the Java heap is
#     placed in the first 32GB address space. The Java Heap base address is the
#     maximum limit for the native heap growth. Please use -XX:HeapBaseMinAddress
#     to set the Java Heap base and to place the Java Heap above 32GB virtual address.
# This output file may be truncated or incomplete.
#
#  Out of Memory Error (./src/hotspot/os/windows/os_windows.cpp:3321), pid=5672, tid=14088
#
# JRE version:  (15.0.5+3) (build )
# Java VM: OpenJDK 64-Bit Server VM (15.0.5+3-MTS, mixed mode, sharing, tiered, compressed oops, g1 gc, windows-amd64)
# No core dump will be written. Minidumps are not enabled by default on client versions of Windows
#

---------------  S U M M A R Y ------------

Command Line: -XX:TieredStopAtLevel=1 -Dspring.output.ansi.enabled=always -Dcom.sun.management.jmxremote -Dspring.jmx.enabled=true -Dspring.liveBeansView.mbeanDomain -Dspring.application.admin.enabled=true -Dmanagement.endpoints.jmx.exposure.include=* -javaagent:C:\Program Files\JetBrains\IntelliJ IDEA 2023.3\lib\idea_rt.jar=54366:C:\Program Files\JetBrains\IntelliJ IDEA 2023.3\bin -Dfile.encoding=UTF-8 com.spring.football.FootballApplication

Host: Intel(R) Core(TM) i7-6600U CPU @ 2.60GHz, 4 cores, 15G,  Windows 10 , 64 bit Build 19041 (10.0.19041.3636)
Time: Tue Feb 20 04:08:48 2024 Egypt Standard Time elapsed time: 0.018758 seconds (0d 0h 0m 0s)

---------------  T H R E A D  ---------------

Current thread (0x000001cb19062be0):  JavaThread "Unknown thread" [_thread_in_vm, id=14088, stack(0x000000779db00000,0x000000779dc00000)]

Stack: [0x000000779db00000,0x000000779dc00000]
Native frames: (J=compiled Java code, j=interpreted, Vv=VM code, C=native code)
V  [jvm.dll+0x5f863a]
V  [jvm.dll+0x797cd9]
V  [jvm.dll+0x799433]
V  [jvm.dll+0x799a83]
V  [jvm.dll+0x1fc558]
V  [jvm.dll+0x5f596a]
V  [jvm.dll+0x5ea725]
V  [jvm.dll+0x2b66cd]
V  [jvm.dll+0x2b6532]
V  [jvm.dll+0x2bc39c]
V  [jvm.dll+0x3081a8]
V  [jvm.dll+0x307864]
V  [jvm.dll+0x28d7fa]
V  [jvm.dll+0x28e960]
V  [jvm.dll+0x775641]
V  [jvm.dll+0x3160e4]
V  [jvm.dll+0x7569ac]
V  [jvm.dll+0x39397f]
V  [jvm.dll+0x395621]
C  [jli.dll+0x5243]
C  [ucrtbase.dll+0x21bb2]
C  [KERNEL32.DLL+0x17344]
C  [ntdll.dll+0x526b1]


---------------  P R O C E S S  ---------------

Threads class SMR info:
_java_thread_list=0x00007ffcccb52b10, length=0, elements={
}

Java Threads: ( => current thread )

Other Threads:
  0x000001cb190b1590 GCTaskThread "GC Thread#0" [stack: 0x000000779dc00000,0x000000779dd00000] [id=4732]
  0x000001cb190c3540 ConcurrentGCThread "G1 Main Marker" [stack: 0x000000779dd00000,0x000000779de00000] [id=5604]
  0x000001cb190c4130 ConcurrentGCThread "G1 Conc#0" [stack: 0x000000779de00000,0x000000779df00000] [id=3332]

[error occurred during error reporting (printing all threads), id 0xc0000005, EXCEPTION_ACCESS_VIOLATION (0xc0000005) at pc=0x00007ffccc2fe8e7]

VM state: not at safepoint (not fully initialized)

VM Mutex/Monitor currently owned by a thread:  ([mutex/lock_event])
[0x000001cb1905d340] Heap_lock - owner thread: 0x000001cb19062be0

Heap address: 0x0000000701a00000, size: 4070 MB, Compressed Oops mode: Zero based, Oop shift amount: 3
CDS archive(s) mapped at: [0x0000000000000000-0x0000000000000000-0x0000000000000000), size 0, SharedBaseAddress: 0x0000000800000000, ArchiveRelocationMode: 0.
Narrow klass base: 0x0000000000000000, Narrow klass shift: 0, Narrow klass range: 0x0

Heap:
 garbage-first heap   total 262144K, used 0K [0x0000000701a00000, 0x0000000800000000)
  region size 2048K, 0 young (0K), 0 survivors (0K)
 Metaspace       used 0K, capacity 0K, committed 0K, reserved 0K
  class space    used 0K, capacity 0K, committed 0K, reserved 0K

Heap Regions: E=young(eden), S=young(survivor), O=old, HS=humongous(starts), HC=humongous(continues), CS=collection set, F=free, OA=open archive, CA=closed archive, TAMS=top-at-mark-start (previous, next)

Card table byte_map: [0x000001cb30d70000,0x000001cb31570000] _byte_map_base: 0x000001cb2d563000

Marking Bits (Prev, Next): (CMBitMap*) 0x000001cb190b2d90, (CMBitMap*) 0x000001cb190b2dd0
 Prev Bits: [0x000001cb31d70000, 0x000001cb35d08000)
 Next Bits: [0x000001cb35d10000, 0x000001cb39ca8000)

GC Heap History (0 events):
No events

Deoptimization events (0 events):
No events

Classes unloaded (0 events):
No events

Classes redefined (0 events):
No events

Internal exceptions (0 events):
No events

Events (1 events):
Event: 0.012 Loaded shared library C:\Users\User\.jdks\azul-15.0.5\bin\java.dll


Dynamic libraries:
0x00007ff6572d0000 - 0x00007ff6572dd000 	C:\Users\User\.jdks\azul-15.0.5\bin\java.exe
0x00007ffd31f90000 - 0x00007ffd32188000 	C:\Windows\SYSTEM32\ntdll.dll
0x00007ffd309f0000 - 0x00007ffd30aad000 	C:\Windows\System32\KERNEL32.DLL
0x00007ffd2f950000 - 0x00007ffd2fc46000 	C:\Windows\System32\KERNELBASE.dll
0x00007ffd2f650000 - 0x00007ffd2f750000 	C:\Windows\System32\ucrtbase.dll
0x00007ffd27400000 - 0x00007ffd27415000 	C:\Users\User\.jdks\azul-15.0.5\bin\VCRUNTIME140.dll
0x00007ffd2ac60000 - 0x00007ffd2ac78000 	C:\Users\User\.jdks\azul-15.0.5\bin\jli.dll
0x00007ffd318b0000 - 0x00007ffd31a4e000 	C:\Windows\System32\USER32.dll
0x00007ffd09290000 - 0x00007ffd0952a000 	C:\Windows\WinSxS\amd64_microsoft.windows.common-controls_6595b64144ccf1df_6.0.19041.3636_none_60b6a03d71f818d5\COMCTL32.dll
0x00007ffd2fc80000 - 0x00007ffd2fca2000 	C:\Windows\System32\win32u.dll
0x00007ffd31eb0000 - 0x00007ffd31f4e000 	C:\Windows\System32\msvcrt.dll
0x00007ffd31bd0000 - 0x00007ffd31bfb000 	C:\Windows\System32\GDI32.dll
0x00007ffd2fd20000 - 0x00007ffd2fe37000 	C:\Windows\System32\gdi32full.dll
0x00007ffd2f8b0000 - 0x00007ffd2f94d000 	C:\Windows\System32\msvcp_win.dll
0x00007ffd31a70000 - 0x00007ffd31aa2000 	C:\Windows\System32\IMM32.DLL
0x00007ffd0ae70000 - 0x00007ffd0af0b000 	C:\Users\User\.jdks\azul-15.0.5\bin\msvcp140.dll
0x00007ffccc060000 - 0x00007ffcccbf2000 	C:\Users\User\.jdks\azul-15.0.5\bin\server\jvm.dll
0x00007ffd31b10000 - 0x00007ffd31bc3000 	C:\Windows\System32\ADVAPI32.dll
0x00007ffd30050000 - 0x00007ffd300ef000 	C:\Windows\System32\sechost.dll
0x00007ffd31c00000 - 0x00007ffd31d26000 	C:\Windows\System32\RPCRT4.dll
0x00007ffd2fc50000 - 0x00007ffd2fc77000 	C:\Windows\System32\bcrypt.dll
0x00007ffd30980000 - 0x00007ffd30988000 	C:\Windows\System32\PSAPI.DLL
0x00007ffd18ff0000 - 0x00007ffd18ff9000 	C:\Windows\SYSTEM32\WSOCK32.dll
0x00007ffd2dc70000 - 0x00007ffd2dc97000 	C:\Windows\SYSTEM32\WINMM.dll
0x00007ffd31340000 - 0x00007ffd313ab000 	C:\Windows\System32\WS2_32.dll
0x00007ffd2dca0000 - 0x00007ffd2dcaa000 	C:\Windows\SYSTEM32\VERSION.dll
0x00007ffd2de50000 - 0x00007ffd2de62000 	C:\Windows\SYSTEM32\kernel.appcore.dll
0x00007ffd29300000 - 0x00007ffd2930a000 	C:\Users\User\.jdks\azul-15.0.5\bin\jimage.dll
0x00007ffd2da80000 - 0x00007ffd2dc64000 	C:\Windows\SYSTEM32\DBGHELP.DLL
0x00007ffd2d2a0000 - 0x00007ffd2d2d4000 	C:\Windows\SYSTEM32\dbgcore.DLL
0x00007ffd2fef0000 - 0x00007ffd2ff72000 	C:\Windows\System32\bcryptPrimitives.dll
0x00007ffd1ea90000 - 0x00007ffd1ea9e000 	C:\Users\User\.jdks\azul-15.0.5\bin\instrument.dll
0x00007ffd0b230000 - 0x00007ffd0b255000 	C:\Users\User\.jdks\azul-15.0.5\bin\java.dll

dbghelp: loaded successfully - version: 4.0.5 - missing functions: none
symbol engine: initialized successfully - sym options: 0x614 - pdb path: .;C:\Users\User\.jdks\azul-15.0.5\bin;C:\Windows\SYSTEM32;C:\Windows\WinSxS\amd64_microsoft.windows.common-controls_6595b64144ccf1df_6.0.19041.3636_none_60b6a03d71f818d5;C:\Users\User\.jdks\azul-15.0.5\bin\server

VM Arguments:
jvm_args: -XX:TieredStopAtLevel=1 -Dspring.output.ansi.enabled=always -Dcom.sun.management.jmxremote -Dspring.jmx.enabled=true -Dspring.liveBeansView.mbeanDomain -Dspring.application.admin.enabled=true -Dmanagement.endpoints.jmx.exposure.include=* -javaagent:C:\Program Files\JetBrains\IntelliJ IDEA 2023.3\lib\idea_rt.jar=54366:C:\Program Files\JetBrains\IntelliJ IDEA 2023.3\bin -Dfile.encoding=UTF-8 
java_command: com.spring.football.FootballApplication
java_class_path (initial): C:\Eslam-Khder\spring-micro\football\target\classes;C:\Users\User\.m2\repository\org\springframework\boot\spring-boot-starter-data-jpa\2.7.5\spring-boot-starter-data-jpa-2.7.5.jar;C:\Users\User\.m2\repository\org\springframework\boot\spring-boot-starter-aop\2.7.5\spring-boot-starter-aop-2.7.5.jar;C:\Users\User\.m2\repository\org\springframework\spring-aop\5.3.23\spring-aop-5.3.23.jar;C:\Users\User\.m2\repository\org\aspectj\aspectjweaver\1.9.7\aspectjweaver-1.9.7.jar;C:\Users\User\.m2\repository\org\springframework\boot\spring-boot-starter-jdbc\2.7.5\spring-boot-starter-jdbc-2.7.5.jar;C:\Users\User\.m2\repository\com\zaxxer\HikariCP\4.0.3\HikariCP-4.0.3.jar;C:\Users\User\.m2\repository\org\springframework\spring-jdbc\5.3.23\spring-jdbc-5.3.23.jar;C:\Users\User\.m2\repository\jakarta\transaction\jakarta.transaction-api\1.3.3\jakarta.transaction-api-1.3.3.jar;C:\Users\User\.m2\repository\jakarta\persistence\jakarta.persistence-api\2.2.3\jakarta.persistence-api-2.2.3.jar;C:\Users\User\.m2\repository\org\hibernate\hibernate-core\5.6.12.Final\hibernate-core-5.6.12.Final.jar;C:\Users\User\.m2\repository\org\jboss\logging\jboss-logging\3.4.3.Final\jboss-logging-3.4.3.Final.jar;C:\Users\User\.m2\repository\net\bytebuddy\byte-buddy\1.12.18\byte-buddy-1.12.18.jar;C:\Users\User\.m2\repository\antlr\antlr\2.7.7\antlr-2.7.7.jar;C:\Users\User\.m2\repository\org\jboss\jandex\2.4.2.Final\jandex-2.4.2.Final.jar;C:\Users\User\.m2\repository\com\fasterxml\classmate\1.5.1\classmate-1.5.1.jar;C:\Users\User\.m2\repository\org\hibernate\common\hibernate-commons-annotations\5.1.2.Final\hibernate-commons-annotations-5.1.2.Final.jar;C:\Users\User\.m2\repository\org\glassfish\jaxb\jaxb-runtime\2.3.7\jaxb-runtime-2.3.7.jar;C:\Users\User\.m2\repository\org\glassfish\jaxb\txw2\2.3.7\txw2-2.3.7.jar;C:\Users\User\.m2\repository\com\sun\istack\istack-commons-runtime\3.0.12\istack-commons-runtime-3.0.12.jar;C:\Users\User\.m2\repository\com\sun\activation\jakarta.activati
Launcher Type: SUN_STANDARD

[Global flags]
     intx CICompilerCount                          = 3                                         {product} {ergonomic}
     uint ConcGCThreads                            = 1                                         {product} {ergonomic}
     uint G1ConcRefinementThreads                  = 4                                         {product} {ergonomic}
   size_t G1HeapRegionSize                         = 2097152                                   {product} {ergonomic}
    uintx GCDrainStackTargetSize                   = 64                                        {product} {ergonomic}
   size_t InitialHeapSize                          = 268435456                                 {product} {ergonomic}
     bool ManagementServer                         = true                                      {product} {command line}
   size_t MarkStackSize                            = 4194304                                   {product} {ergonomic}
   size_t MaxHeapSize                              = 4267704320                                {product} {ergonomic}
   size_t MinHeapDeltaBytes                        = 2097152                                   {product} {ergonomic}
   size_t MinHeapSize                              = 8388608                                   {product} {ergonomic}
    uintx NonNMethodCodeHeapSize                   = 6973028                                {pd product} {ergonomic}
    uintx NonProfiledCodeHeapSize                  = 244685212                              {pd product} {ergonomic}
    uintx ProfiledCodeHeapSize                     = 0                                      {pd product} {ergonomic}
    uintx ReservedCodeCacheSize                    = 251658240                              {pd product} {ergonomic}
     bool SegmentedCodeCache                       = true                                      {product} {ergonomic}
   size_t SoftMaxHeapSize                          = 4267704320                             {manageable} {ergonomic}
     intx TieredStopAtLevel                        = 1                                         {product} {command line}
     bool UseCompressedClassPointers               = true                                 {lp64_product} {ergonomic}
     bool UseCompressedOops                        = true                                 {lp64_product} {ergonomic}
     bool UseG1GC                                  = true                                      {product} {ergonomic}
     bool UseLargePagesIndividualAllocation        = false                                  {pd product} {ergonomic}

Logging:
Log output configuration:
 #0: stdout all=warning uptime,level,tags
 #1: stderr all=off uptime,level,tags

Environment Variables:
JAVA_HOME=C:\Program Files\java\jdk-21
CLASSPATH=C:\mysql-connector-j-8.2.0
PATH=C:\Program Files\Common Files\Oracle\Java\javapath;C:\mysql-connector-j-8.2.0;C:\Windows\system32;C:\Windows;C:\Windows\System32\Wbem;C:\Windows\System32\WindowsPowerShell\v1.0\;C:\Windows\System32\OpenSSH\;C:\Program Files\dotnet\;C:\Program Files\Apache Software Foundation\Tomcat 10.0\BIN;C:\Program Files\nodejs\;C:\ProgramData\chocolatey\bin;C:\Program Files\java\jdk-21\bin;C:\Program Files\MySQL\MySQL Server 8.0\bin;C:\Program Files\apache-maven-3.9.5-bin\;C:\Program Files\Git\cmd;C:\Program Files\Docker\Docker\resources\bin;C:\Program Files\MongoDB\Server\7.0\bin;C:\Program Files\java\jdk-21\bin;C:\Program Files\java\jdk-21;C:\Program Files\Git\usr\bin\;C:\Program Files\apache-maven-3.9.6-bin\apache-maven-3.9.6\bin;C:\Program Files (x86)\Microsoft SQL Server\160\Tools\Binn\;C:\Program Files\Microsoft SQL Server\160\Tools\Binn\;C:\Program Files\Microsoft SQL Server\Client SDK\ODBC\170\Tools\Binn\;C:\Program Files\Microsoft SQL Server\160\DTS\Binn\;C:\Program Files (x86)\Microsoft SQL Server\160\DTS\Binn\;C:\Program Files\Azure Data Studio\bin;C:\Program Files\Common Files\Oracle\Java\javapath;C:\mysql-connector-j-8.2.0;C:\Python310\Scripts\;C:\Python310\;C:\Windows\system32;C:\Windows;C:\Windows\System32\Wbem;C:\Windows\System32\WindowsPowerShell\v1.0\;C:\Windows\System32\OpenSSH\;C:\Program Files\dotnet\;C:\Program Files\Apache Software Foundation\Tomcat 10.0\BIN;C:\Program Files\nodejs\;C:\ProgramData\chocolatey\bin;C:\Program Files\java\jdk-21\bin;C:\Program Files\MySQL\MySQL Server 8.0\bin;C:\Program Files\apache-maven-3.9.5-bin\;C:\Program Files\Git\cmd;C:\Program Files\Docker\Docker\resources\bin;C:\Program Files\MongoDB\Server\7.0\bin;C:\Program Files\java\jdk-21;C:\Program Files\Git\usr\bin\;C:\Program Files\apache-maven-3.9.6-bin\apache-maven-3.9.6\bin;C:\Program Files\NetBeans-12.1\netbeans\bin;C:\Program Files\Java\jdk-15.0.1\bin;C:\Program Files\Apache Software Foundation\Tomcat 9.0\bin\tomcat-native-1.2.34-win32-src\tomcat-native-1.2.34-win32-src\
USERNAME=Mahmoud Gado
OS=Windows_NT
PROCESSOR_IDENTIFIER=Intel64 Family 6 Model 78 Stepping 3, GenuineIntel



---------------  S Y S T E M  ---------------

OS:
 Windows 10 , 64 bit Build 19041 (10.0.19041.3636)
OS uptime: 1 days 19:10 hours
HyperV virtualization detected

CPU: total 4 (initial active 4) (2 cores per cpu, 2 threads per core) family 6 model 78 stepping 3 microcode 0xf0, cmov, cx8, fxsr, mmx, sse, sse2, sse3, ssse3, sse4.1, sse4.2, popcnt, vzeroupper, avx, avx2, aes, clmul, erms, rtm, 3dnowpref, lzcnt, ht, tsc, tscinvbit, bmi1, bmi2, adx, fma, clflush, clflushopt

Memory: 4k page, system-wide physical 16275M (2443M free)
TotalPageFile size 16275M (AvailPageFile size 220M)
current process WorkingSet (physical memory assigned to process): 10M, peak: 10M
current process commit charge ("private bytes"): 49M, peak: 305M

vm_info: OpenJDK 64-Bit Server VM (15.0.5+3-MTS) for windows-amd64 JRE (15.0.5+3-MTS) (Zulu15.36+13-CA), built on Oct  8 2021 11:07:26 by "zulu_re" with MS VC++ 15.9 (VS2017)

END.
